/home/nathan/cbl/src/linux-next/drivers/block/rbd.c:6149:17: warning: result of comparison of constant 2305843009213693948 with expression of type 'u32' (aka 'unsigned int') is always false [-Wtautological-constant-out-of-range-compare]
        if (snap_count > (SIZE_MAX - sizeof (struct ceph_snap_context))
            ~~~~~~~~~~ ^ ~~~~~~~~~~~~~~~~~~~~~~~~~~~~~~~~~~~~~~~~~~~~~~
/home/nathan/cbl/src/linux-next/net/ipv4/tcp_output.c:186:3: warning: result of comparison of constant -1 with expression of type 'u8' (aka 'unsigned char') is always false [-Wtautological-constant-out-of-range-compare]
                NET_ADD_STATS(sock_net(sk), LINUX_MIB_TCPACKCOMPRESSED,
                ^~~~~~~~~~~~~~~~~~~~~~~~~~~~~~~~~~~~~~~~~~~~~~~~~~~~~~~
/home/nathan/cbl/src/linux-next/include/net/ip.h:301:41: note: expanded from macro 'NET_ADD_STATS'
#define NET_ADD_STATS(net, field, adnd) SNMP_ADD_STATS((net)->mib.net_statistics, field, adnd)
                                        ^~~~~~~~~~~~~~~~~~~~~~~~~~~~~~~~~~~~~~~~~~~~~~~~~~~~~~
/home/nathan/cbl/src/linux-next/include/net/snmp.h:143:4: note: expanded from macro 'SNMP_ADD_STATS'
                        this_cpu_add(mib->mibs[field], addend)
                        ^~~~~~~~~~~~~~~~~~~~~~~~~~~~~~~~~~~~~~
/home/nathan/cbl/src/linux-next/include/linux/percpu-defs.h:491:33: note: expanded from macro 'this_cpu_add'
#define this_cpu_add(pcp, val)          __pcpu_size_call(this_cpu_add_, pcp, val)
                                        ^~~~~~~~~~~~~~~~~~~~~~~~~~~~~~~~~~~~~~~~~
note: (skipping 1 expansions in backtrace; use -fmacro-backtrace-limit=0 to see all)
<scratch space>:169:1: note: expanded from here
this_cpu_add_8
^
/home/nathan/cbl/src/linux-next/arch/x86/include/asm/percpu.h:370:35: note: expanded from macro 'this_cpu_add_8'
#define this_cpu_add_8(pcp, val)                percpu_add_op(8, volatile, (pcp), val)
                                                ^~~~~~~~~~~~~~~~~~~~~~~~~~~~~~~~~~~~~~
/home/nathan/cbl/src/linux-next/arch/x86/include/asm/percpu.h:127:31: note: expanded from macro 'percpu_add_op'
                              ((val) == 1 || (val) == -1)) ?            \
                                             ~~~~~ ^  ~~
1 warning generated.
1 warning generated.
/home/nathan/cbl/src/linux-next/net/ceph/osdmap.c:1441:10: warning: result of comparison of constant 4611686018427387891 with expression of type 'u32' (aka 'unsigned int') is always false [-Wtautological-constant-out-of-range-compare]
        if (len > (SIZE_MAX - sizeof(*pg)) / sizeof(u32))
            ~~~ ^ ~~~~~~~~~~~~~~~~~~~~~~~~~~~~~~~~~~~~~~
/home/nathan/cbl/src/linux-next/net/ceph/osdmap.c:1624:10: warning: result of comparison of constant 2305843009213693945 with expression of type 'u32' (aka 'unsigned int') is always false [-Wtautological-constant-out-of-range-compare]
        if (len > (SIZE_MAX - sizeof(*pg)) / (2 * sizeof(u32)))
            ~~~ ^ ~~~~~~~~~~~~~~~~~~~~~~~~~~~~~~~~~~~~~~~~~~~~
2 warnings generated.
/home/nathan/cbl/src/linux-next/drivers/md/dm-integrity.c:4159:12: warning: result of comparison of constant 14316557650 with expression of type 'unsigned int' is always false [-Wtautological-constant-out-of-range-compare]
                        if (val >= (uint64_t)UINT_MAX * 1000 / HZ) {
                            ~~~ ^  ~~~~~~~~~~~~~~~~~~~~~~~~~~~~~~
1 warning generated.
/home/nathan/cbl/src/linux-next/fs/ceph/snap.c:372:10: warning: result of comparison of constant 2305843009213693948 with expression of type 'u32' (aka 'unsigned int') is always false [-Wtautological-constant-out-of-range-compare]
        if (num > (SIZE_MAX - sizeof(*snapc)) / sizeof(u64))
            ~~~ ^ ~~~~~~~~~~~~~~~~~~~~~~~~~~~~~~~~~~~~~~~~~
1 warning generated.
drivers/infiniband/hw/hfi1/platform.o: warning: objtool: tune_serdes() falls through to next function apply_tx_lanes()
llvm-objdump: Unknown command line argument '-v'.  Try: 'llvm-objdump --help'
llvm-objdump: Did you mean '-C'?

[01;32mQEMU location: [0m/usr/sbin[0m

[01;32mQEMU version: [0mQEMU emulator version 8.0.3[0m
[    0.022306] Speculative Return Stack Overflow: Retbleed IBPB mitigation enabled, using same for SRSO
Starting syslogd: OK
Starting klogd: OK
Running sysctl: OK
Saving 256 bits of creditable seed for next boot
Starting network: OK
Linux version 6.5.0-rc5-next-20230809-cbl-00030-g8150cbc757fd (nathan@dev-arch.m3-large-x86-01) (ClangBuiltLinux clang version 12.0.1 (https://github.com/llvm/llvm-project fed41342a82f5a3a9201819a82bf7a48313e296b), ClangBuiltLinux LLD 12.0.1 (https://github.com/llvm/llvm-project fed41342a82f5a3a9201819a82bf7a48313e296b)) #1 SMP PREEMPT_DYNAMIC Sat Aug 12 16:00:50 UTC 2023
Stopping network: OK
Seeding 256 bits and crediting
Saving 256 bits of creditable seed for next boot
Stopping klogd: OK
Stopping syslogd: OK
umount: devtmpfs busy - remounted read-only
umount: can't unmount /: Invalid argument

The system is going down NOW!

Sent SIGTERM to all processes

Sent SIGKILL to all processes

Requesting system poweroff
[    2.384635] reboot: Power down
$ timeout --foreground 3m stdbuf -eL -oL /usr/sbin/qemu-system-x86_64 -display none -nodefaults -d unimp,guest_errors -append 'console=ttyS0 earlycon=uart8250,io,0x3f8' -kernel /home/nathan/tmp/build/cbl_lkt/linux-next/x86_64/arch/x86/boot/bzImage -initrd /home/nathan/cbl/llvm-kernel-testing/src/boot-utils/images/x86_64/rootfs.cpio -cpu host -enable-kvm -m 512m -smp 64 -serial mon:stdio
