Using .config as base
Merging /home/nathan/cbl/src/linux-next/kernel/configs/tiny.config
Value of CONFIG_CC_OPTIMIZE_FOR_PERFORMANCE is redefined by fragment /home/nathan/cbl/src/linux-next/kernel/configs/tiny.config:
Previous value: CONFIG_CC_OPTIMIZE_FOR_PERFORMANCE=y
New value: # CONFIG_CC_OPTIMIZE_FOR_PERFORMANCE is not set

Value of CONFIG_CC_OPTIMIZE_FOR_SIZE is redefined by fragment /home/nathan/cbl/src/linux-next/kernel/configs/tiny.config:
Previous value: # CONFIG_CC_OPTIMIZE_FOR_SIZE is not set
New value: CONFIG_CC_OPTIMIZE_FOR_SIZE=y

Value of CONFIG_KERNEL_GZIP is redefined by fragment /home/nathan/cbl/src/linux-next/kernel/configs/tiny.config:
Previous value: CONFIG_KERNEL_GZIP=y
New value: # CONFIG_KERNEL_GZIP is not set

Value of CONFIG_KERNEL_XZ is redefined by fragment /home/nathan/cbl/src/linux-next/kernel/configs/tiny.config:
Previous value: # CONFIG_KERNEL_XZ is not set
New value: CONFIG_KERNEL_XZ=y

Value of CONFIG_SLUB_TINY is redefined by fragment /home/nathan/cbl/src/linux-next/kernel/configs/tiny.config:
Previous value: # CONFIG_SLUB_TINY is not set
New value: CONFIG_SLUB_TINY=y

#
# merged configuration written to .config (needs make)
#
/home/nathan/cbl/src/linux-next/arch/mips/kernel/genex.S:520:2: warning: macro defined with named parameters which are not used in macro body, possible positional parameter found in body which will have no effect
 .macro __BUILD_verbose nexception
 ^
/home/nathan/cbl/src/linux-next/lib/radix-tree.c:1136:50: warning: parameter 'slot' set but not used [-Wunused-but-set-parameter]
void __rcu **radix_tree_iter_resume(void __rcu **slot,
                                                 ^
1 warning generated.
