Using .config as base
Merging /home/nathan/cbl/src/linux-next/kernel/configs/tiny.config
Value of CONFIG_CC_OPTIMIZE_FOR_PERFORMANCE is redefined by fragment /home/nathan/cbl/src/linux-next/kernel/configs/tiny.config:
Previous value: CONFIG_CC_OPTIMIZE_FOR_PERFORMANCE=y
New value: # CONFIG_CC_OPTIMIZE_FOR_PERFORMANCE is not set

Value of CONFIG_CC_OPTIMIZE_FOR_SIZE is redefined by fragment /home/nathan/cbl/src/linux-next/kernel/configs/tiny.config:
Previous value: # CONFIG_CC_OPTIMIZE_FOR_SIZE is not set
New value: CONFIG_CC_OPTIMIZE_FOR_SIZE=y

Value of CONFIG_KERNEL_GZIP is redefined by fragment /home/nathan/cbl/src/linux-next/kernel/configs/tiny.config:
Previous value: CONFIG_KERNEL_GZIP=y
New value: # CONFIG_KERNEL_GZIP is not set

Value of CONFIG_KERNEL_XZ is redefined by fragment /home/nathan/cbl/src/linux-next/kernel/configs/tiny.config:
Previous value: # CONFIG_KERNEL_XZ is not set
New value: CONFIG_KERNEL_XZ=y

Value of CONFIG_SLUB_TINY is redefined by fragment /home/nathan/cbl/src/linux-next/kernel/configs/tiny.config:
Previous value: # CONFIG_SLUB_TINY is not set
New value: CONFIG_SLUB_TINY=y

#
# merged configuration written to .config (needs make)
#
