/home/nathan/cbl/src/linux-next/lib/radix-tree.c:1136:50: warning: parameter 'slot' set but not used [-Wunused-but-set-parameter]
 1136 | void __rcu **radix_tree_iter_resume(void __rcu **slot,
      |                                                  ^
1 warning generated.
/home/nathan/cbl/src/linux-next/sound/core/seq/seq_midi.c:135:30: warning: cast from 'int (*)(struct snd_rawmidi_substream *, const char *, int)' to 'snd_seq_dump_func_t' (aka 'int (*)(void *, void *, int)') converts to incompatible function type [-Wcast-function-type-strict]
  135 |                 snd_seq_dump_var_event(ev, (snd_seq_dump_func_t)dump_midi, substream);
      |                                            ^~~~~~~~~~~~~~~~~~~~~~~~~~~~~~
1 warning generated.

[01;32mQEMU location: [0m/usr/sbin[0m

[01;32mQEMU version: [0mQEMU emulator version 8.0.3[0m

>> =============================================================
>> OpenBIOS 1.1 [Mar 7 2023 22:21]
>> Configuration device id QEMU version 1 machine id 1
>> CPUs: 1
>> Memory: 128M
>> UUID: 00000000-0000-0000-0000-000000000000
>> CPU type PowerPC,G4
milliseconds isn't unique.
Output device screen not found.
Output device screen not found.
>> [ppc] Kernel already loaded (0x01000000 + 0x00c65eb8) (initrd 0x01d66000 + 0x0049a600)
>> [ppc] Kernel command line: console=ttyS0
>> switching to new context:
NULL ihandle
Unexpected client interface exception: -2 
printk: console [ttyS0] enabled
printk: bootconsole [udbg0] disabled
pid_max: default: 32768 minimum: 301
Mount-cache hash table entries: 1024 (order: 0, 4096 bytes, linear)
Mountpoint-cache hash table entries: 1024 (order: 0, 4096 bytes, linear)
Found UniNorth PCI host bridge at 0x00000000f2000000. Firmware bus number: 0->0
PCI host bridge /pci@f2000000 (primary) ranges:
  IO 0x00000000f2000000..0x00000000f27fffff -> 0x0000000000000000
 MEM 0x0000000080000000..0x000000008fffffff -> 0x0000000080000000 
clocksource: jiffies: mask: 0xffffffff max_cycles: 0xffffffff, max_idle_ns: 7645041785100000 ns
futex hash table entries: 256 (order: -1, 3072 bytes, linear)
NET: Registered PF_NETLINK/PF_ROUTE protocol family
PCI: Probing PCI hardware
pci_bus 0000:00: Fixed dependency cycle(s) with /pci@f2000000/mac-io@c/interrupt-controller@40000
PCI host bridge to bus 0000:00
pci_bus 0000:00: root bus resource [io  0x0000-0x7fffff]
pci_bus 0000:00: root bus resource [mem 0x80000000-0x8fffffff]
pci_bus 0000:00: root bus resource [bus 00-ff]
pci_bus 0000:00: busn_res: [bus 00-ff] end is updated to ff
pci 0000:00:0b.0: [106b:001f] type 00 class 0x060000
pci 0000:00:0c.0: [106b:0022] type 00 class 0xff0000
pci 0000:00:0c.0: reg 0x10: [mem 0x80000000-0x8007ffff]
pci 0000:00:0c.0: Fixed dependency cycle(s) with /pci@f2000000/mac-io@c/interrupt-controller@40000
pci_bus 0000:00: busn_res: [bus 00-ff] end is updated to 00
pci_bus 0000:00: resource 4 [io  0x0000-0x7fffff]
pci_bus 0000:00: resource 5 [mem 0x80000000-0x8fffffff]
SCSI subsystem initialized
usbcore: registered new interface driver usbfs
usbcore: registered new interface driver hub
usbcore: registered new device driver usb
pps_core: LinuxPPS API ver. 1 registered
pps_core: Software ver. 5.3.6 - Copyright 2005-2007 Rodolfo Giometti <giometti@linux.it>
PTP clock support registered
vgaarb: loaded
clocksource: Switched to clocksource timebase
NET: Registered PF_INET protocol family
IP idents hash table entries: 2048 (order: 2, 16384 bytes, linear)
tcp_listen_portaddr_hash hash table entries: 1024 (order: 0, 4096 bytes, linear)
Table-perturb hash table entries: 65536 (order: 6, 262144 bytes, linear)
TCP established hash table entries: 1024 (order: 0, 4096 bytes, linear)
TCP bind hash table entries: 1024 (order: 1, 8192 bytes, linear)
TCP: Hash tables configured (established 1024 bind 1024)
UDP hash table entries: 256 (order: 0, 4096 bytes, linear)
UDP-Lite hash table entries: 256 (order: 0, 4096 bytes, linear)
NET: Registered PF_UNIX/PF_LOCAL protocol family
RPC: Registered named UNIX socket transport module.
RPC: Registered udp transport module.
RPC: Registered tcp transport module.
RPC: Registered tcp-with-tls transport module.
RPC: Registered tcp NFSv4.1 backchannel transport module.
PCI: CLS 0 bytes, default 32
Initialise system trusted keyrings
Trying to unpack rootfs image as initramfs...
workingset: timestamp_bits=30 max_order=15 bucket_order=0
NFS: Registering the id_resolver key type
Key type id_resolver registered
Key type id_legacy registered
Key type asymmetric registered
Asymmetric key parser 'x509' registered
Block layer SCSI generic (bsg) driver version 0.4 loaded (major 251)
io scheduler mq-deadline registered
io scheduler kyber registered
Freeing initrd memory: 4712K
Non-volatile memory driver v1.3
brd: module loaded
loop: module loaded
MacIO PCI driver attached to Keylargo chipset
0.00013020:ch-a: ttyS0 at MMIO 0x80013020 (irq = 37, base_baud = 230400) is a Z85c30 ESCC - Serial port
0.00013000:ch-b: ttyS1 at MMIO 0x80013000 (irq = 36, base_baud = 230400) is a Z85c30 ESCC - Serial port
Macintosh Cuda and Egret driver.
mesh: configured for synchronous 5 MB/s
st: Version 20160209, fixed bufsize 32768, s/g segs 256
Detected ADB keyboard, type ANSI.
input: ADB keyboard as /devices/virtual/input/input0
input: ADB mouse as /devices/virtual/input/input1
pata-macio 0.00020000:ata-3: Activating pata-macio chipset KeyLargo ATA-3, Apple bus ID 0
scsi host0: pata_macio
ata1: PATA max MWDMA2 irq 16
pata-macio 0.00021000:ata-3: Activating pata-macio chipset KeyLargo ATA-3, Apple bus ID 1
scsi host1: pata_macio
ata2: PATA max MWDMA2 irq 18
PPP generic driver version 2.4.2
PPP Deflate Compression module registered
usbcore: registered new interface driver appletouch
rtc-generic rtc-generic: registered as rtc0
rtc-generic rtc-generic: setting system clock to 2023-08-11T18:24:51 UTC (1691778291)
APM Battery Driver
usbcore: registered new interface driver usbhid
usbhid: USB HID core driver
Initializing XFRM netlink socket
NET: Registered PF_PACKET protocol family
NET: Registered PF_KEY protocol family
Key type dns_resolver registered
drmem: No dynamic reconfiguration memory found
Loading compiled-in X.509 certificates
Freeing unused kernel image (initmem) memory: 1032K
This architecture does not have kernel memory protection.
Run /init as init process
mount: mounting devtmpfs on /dev failed: No such device
Starting syslogd: OK
Starting klogd: OK
Running sysctl: OK
Saving 256 bits of non-creditable seed for next boot
Starting network: OK
Linux version 6.5.0-rc5-next-20230809-cbl (nathan@dev-arch.m3-large-x86-01) (ClangBuiltLinux clang version 17.0.0 (https://github.com/llvm/llvm-project edc0ee3ccad416ab186202bf928ea64e3a7987b7), ClangBuiltLinux LLD 17.0.0) #1 Fri Aug 11 18:24:42 UTC 2023
Stopping network: OK
Seeding 256 bits without crediting
seedrng: can't open '/dev/urandom': No such file or directory
Stopping klogd: OK
Stopping syslogd: OK
umount: can't unmount /: Invalid argument

The system is going down NOW!

Sent SIGTERM to all processes

Sent SIGKILL to all processes

Requesting system reboot
reboot: Restarting system
$ timeout --foreground 3m stdbuf -eL -oL /usr/sbin/qemu-system-ppc -display none -nodefaults -no-reboot -machine mac99 -append console=ttyS0 -kernel /home/nathan/tmp/build/cbl_lkt/linux-next/powerpc/vmlinux -initrd /home/nathan/cbl/llvm-kernel-testing/src/boot-utils/images/ppc32/rootfs.cpio -m 128m -serial mon:stdio
