/home/nathan/cbl/src/linux-next/drivers/bus/mhi/host/main.c:803:13: warning: parameter 'event_quota' set but not used [-Wunused-but-set-parameter]
  803 |                              u32 event_quota)
      |                                  ^
1 warning generated.
/home/nathan/cbl/src/linux-next/sound/pci/aw2/aw2-alsa.c:363:11: warning: cast from 'void (*)(struct snd_pcm_substream *)' to 'snd_aw2_saa7146_it_cb' (aka 'void (*)(void *)') converts to incompatible function type [-Wcast-function-type-strict]
  363 |                                                     (snd_aw2_saa7146_it_cb)
      |                                                     ^~~~~~~~~~~~~~~~~~~~~~~
  364 |                                                     snd_pcm_period_elapsed,
      |                                                     ~~~~~~~~~~~~~~~~~~~~~~
/home/nathan/cbl/src/linux-next/sound/pci/aw2/aw2-alsa.c:392:10: warning: cast from 'void (*)(struct snd_pcm_substream *)' to 'snd_aw2_saa7146_it_cb' (aka 'void (*)(void *)') converts to incompatible function type [-Wcast-function-type-strict]
  392 |                                                    (snd_aw2_saa7146_it_cb)
      |                                                    ^~~~~~~~~~~~~~~~~~~~~~~
  393 |                                                    snd_pcm_period_elapsed,
      |                                                    ~~~~~~~~~~~~~~~~~~~~~~
2 warnings generated.
/home/nathan/cbl/src/linux-next/lib/radix-tree.c:1136:50: warning: parameter 'slot' set but not used [-Wunused-but-set-parameter]
 1136 | void __rcu **radix_tree_iter_resume(void __rcu **slot,
      |                                                  ^
/home/nathan/cbl/src/linux-next/sound/pci/ctxfi/ctatc.c:115:25: warning: cast from 'int (*)(struct hw *, struct src_mgr **)' to 'create_t' (aka 'int (*)(struct hw *, void **)') converts to incompatible function type [-Wcast-function-type-strict]
  115 |         [SRC]           = { .create     = (create_t)src_mgr_create,
      |                                           ^~~~~~~~~~~~~~~~~~~~~~~~
/home/nathan/cbl/src/linux-next/sound/pci/ctxfi/ctatc.c:116:20: warning: cast from 'int (*)(struct src_mgr *)' to 'destroy_t' (aka 'int (*)(void *)') converts to incompatible function type [-Wcast-function-type-strict]
  116 |                             .destroy    = (destroy_t)src_mgr_destroy    },
      |                                           ^~~~~~~~~~~~~~~~~~~~~~~~~~
/home/nathan/cbl/src/linux-next/sound/pci/ctxfi/ctatc.c:117:27: warning: cast from 'int (*)(struct hw *, struct srcimp_mgr **)' to 'create_t' (aka 'int (*)(struct hw *, void **)') converts to incompatible function type [-Wcast-function-type-strict]
  117 |         [SRCIMP]        = { .create     = (create_t)srcimp_mgr_create,
      |                                           ^~~~~~~~~~~~~~~~~~~~~~~~~~~
/home/nathan/cbl/src/linux-next/sound/pci/ctxfi/ctatc.c:118:20: warning: cast from 'int (*)(struct srcimp_mgr *)' to 'destroy_t' (aka 'int (*)(void *)') converts to incompatible function type [-Wcast-function-type-strict]
  118 |                             .destroy    = (destroy_t)srcimp_mgr_destroy },
      |                                           ^~~~~~~~~~~~~~~~~~~~~~~~~~~~~
/home/nathan/cbl/src/linux-next/sound/pci/ctxfi/ctatc.c:119:25: warning: cast from 'int (*)(struct hw *, struct amixer_mgr **)' to 'create_t' (aka 'int (*)(struct hw *, void **)') converts to incompatible function type [-Wcast-function-type-strict]
  119 |         [AMIXER]        = { .create     = (create_t)amixer_mgr_create,
      |                                           ^~~~~~~~~~~~~~~~~~~~~~~~~~~
/home/nathan/cbl/src/linux-next/sound/pci/ctxfi/ctatc.c:120:19: warning: cast from 'int (*)(struct amixer_mgr *)' to 'destroy_t' (aka 'int (*)(void *)') converts to incompatible function type [-Wcast-function-type-strict]
  120 |                             .destroy    = (destroy_t)amixer_mgr_destroy },
      |                                           ^~~~~~~~~~~~~~~~~~~~~~~~~~~~~
/home/nathan/cbl/src/linux-next/sound/pci/ctxfi/ctatc.c:121:23: warning: cast from 'int (*)(struct hw *, struct sum_mgr **)' to 'create_t' (aka 'int (*)(struct hw *, void **)') converts to incompatible function type [-Wcast-function-type-strict]
  121 |         [SUM]           = { .create     = (create_t)sum_mgr_create,
      |                                           ^~~~~~~~~~~~~~~~~~~~~~~~
/home/nathan/cbl/src/linux-next/sound/pci/ctxfi/ctatc.c:122:19: warning: cast from 'int (*)(struct sum_mgr *)' to 'destroy_t' (aka 'int (*)(void *)') converts to incompatible function type [-Wcast-function-type-strict]
  122 |                             .destroy    = (destroy_t)sum_mgr_destroy    },
      |                                           ^~~~~~~~~~~~~~~~~~~~~~~~~~
/home/nathan/cbl/src/linux-next/sound/pci/ctxfi/ctatc.c:123:24: warning: cast from 'int (*)(struct hw *, struct daio_mgr **)' to 'create_t' (aka 'int (*)(struct hw *, void **)') converts to incompatible function type [-Wcast-function-type-strict]
  123 |         [DAIO]          = { .create     = (create_t)daio_mgr_create,
      |                                           ^~~~~~~~~~~~~~~~~~~~~~~~~
/home/nathan/cbl/src/linux-next/sound/pci/ctxfi/ctatc.c:124:19: warning: cast from 'int (*)(struct daio_mgr *)' to 'destroy_t' (aka 'int (*)(void *)') converts to incompatible function type [-Wcast-function-type-strict]
  124 |                             .destroy    = (destroy_t)daio_mgr_destroy   }
      |                                           ^~~~~~~~~~~~~~~~~~~~~~~~~~~
1 warning generated.
10 warnings generated.
/home/nathan/cbl/src/linux-next/sound/core/seq/seq_midi.c:135:30: warning: cast from 'int (*)(struct snd_rawmidi_substream *, const char *, int)' to 'snd_seq_dump_func_t' (aka 'int (*)(void *, void *, int)') converts to incompatible function type [-Wcast-function-type-strict]
  135 |                 snd_seq_dump_var_event(ev, (snd_seq_dump_func_t)dump_midi, substream);
      |                                            ^~~~~~~~~~~~~~~~~~~~~~~~~~~~~~
1 warning generated.
/home/nathan/cbl/src/linux-next/sound/core/seq/seq_virmidi.c:83:31: warning: cast from 'int (*)(struct snd_rawmidi_substream *, const unsigned char *, int)' to 'snd_seq_dump_func_t' (aka 'int (*)(void *, void *, int)') converts to incompatible function type [-Wcast-function-type-strict]
   83 |                         snd_seq_dump_var_event(ev, (snd_seq_dump_func_t)snd_rawmidi_receive, vmidi->substream);
      |                                                    ^~~~~~~~~~~~~~~~~~~~~~~~~~~~~~~~~~~~~~~~
1 warning generated.
/home/nathan/cbl/src/linux-next/drivers/block/floppy.c:2001:11: warning: cast from 'void (*)(void)' to 'done_f' (aka 'void (*)(int)') converts to incompatible function type [-Wcast-function-type-strict]
 2001 |         .done           = (done_f)empty
      |                           ^~~~~~~~~~~~~
/home/nathan/cbl/src/linux-next/drivers/block/floppy.c:2008:11: warning: cast from 'void (*)(void)' to 'done_f' (aka 'void (*)(int)') converts to incompatible function type [-Wcast-function-type-strict]
 2008 |         .done           = (done_f)empty
      |                           ^~~~~~~~~~~~~
2 warnings generated.
/home/nathan/cbl/src/linux-next/drivers/block/rbd.c:6149:17: warning: result of comparison of constant 2305843009213693948 with expression of type 'u32' (aka 'unsigned int') is always false [-Wtautological-constant-out-of-range-compare]
 6149 |         if (snap_count > (SIZE_MAX - sizeof (struct ceph_snap_context))
      |             ~~~~~~~~~~ ^ ~~~~~~~~~~~~~~~~~~~~~~~~~~~~~~~~~~~~~~~~~~~~~~
 6150 |                                  / sizeof (u64)) {
      |                                  ~~~~~~~~~~~~~~
1 warning generated.
/home/nathan/cbl/src/linux-next/drivers/block/drbd/drbd_state.c:1632:3: warning: cast from 'int (*)(struct sk_buff *, unsigned int, struct drbd_resource_state_change *, enum drbd_notification_type)' to 'typeof (last_func)' (aka 'int (*)(struct sk_buff *, unsigned int, void *, enum drbd_notification_type)') converts to incompatible function type [-Wcast-function-type-strict]
 1632 |                 REMEMBER_STATE_CHANGE(notify_resource_state_change,
      |                 ^~~~~~~~~~~~~~~~~~~~~~~~~~~~~~~~~~~~~~~~~~~~~~~~~~~
 1633 |                                       resource_state_change, NOTIFY_CHANGE);
      |                                       ~~~~~~~~~~~~~~~~~~~~~~~~~~~~~~~~~~~~~
/home/nathan/cbl/src/linux-next/drivers/block/drbd/drbd_state.c:1619:17: note: expanded from macro 'REMEMBER_STATE_CHANGE'
 1619 |            last_func = (typeof(last_func))func; \
      |                        ^~~~~~~~~~~~~~~~~~~~~~~
/home/nathan/cbl/src/linux-next/drivers/block/drbd/drbd_state.c:1641:4: warning: cast from 'int (*)(struct sk_buff *, unsigned int, struct drbd_connection_state_change *, enum drbd_notification_type)' to 'typeof (last_func)' (aka 'int (*)(struct sk_buff *, unsigned int, void *, enum drbd_notification_type)') converts to incompatible function type [-Wcast-function-type-strict]
 1641 |                         REMEMBER_STATE_CHANGE(notify_connection_state_change,
      |                         ^~~~~~~~~~~~~~~~~~~~~~~~~~~~~~~~~~~~~~~~~~~~~~~~~~~~~
 1642 |                                               connection_state_change, NOTIFY_CHANGE);
      |                                               ~~~~~~~~~~~~~~~~~~~~~~~~~~~~~~~~~~~~~~~
/home/nathan/cbl/src/linux-next/drivers/block/drbd/drbd_state.c:1619:17: note: expanded from macro 'REMEMBER_STATE_CHANGE'
 1619 |            last_func = (typeof(last_func))func; \
      |                        ^~~~~~~~~~~~~~~~~~~~~~~
/home/nathan/cbl/src/linux-next/drivers/block/drbd/drbd_state.c:1650:4: warning: cast from 'int (*)(struct sk_buff *, unsigned int, struct drbd_device_state_change *, enum drbd_notification_type)' to 'typeof (last_func)' (aka 'int (*)(struct sk_buff *, unsigned int, void *, enum drbd_notification_type)') converts to incompatible function type [-Wcast-function-type-strict]
 1650 |                         REMEMBER_STATE_CHANGE(notify_device_state_change,
      |                         ^~~~~~~~~~~~~~~~~~~~~~~~~~~~~~~~~~~~~~~~~~~~~~~~~
 1651 |                                               device_state_change, NOTIFY_CHANGE);
      |                                               ~~~~~~~~~~~~~~~~~~~~~~~~~~~~~~~~~~~
/home/nathan/cbl/src/linux-next/drivers/block/drbd/drbd_state.c:1619:17: note: expanded from macro 'REMEMBER_STATE_CHANGE'
 1619 |            last_func = (typeof(last_func))func; \
      |                        ^~~~~~~~~~~~~~~~~~~~~~~
/home/nathan/cbl/src/linux-next/drivers/block/drbd/drbd_state.c:1664:4: warning: cast from 'int (*)(struct sk_buff *, unsigned int, struct drbd_peer_device_state_change *, enum drbd_notification_type)' to 'typeof (last_func)' (aka 'int (*)(struct sk_buff *, unsigned int, void *, enum drbd_notification_type)') converts to incompatible function type [-Wcast-function-type-strict]
 1664 |                         REMEMBER_STATE_CHANGE(notify_peer_device_state_change,
      |                         ^~~~~~~~~~~~~~~~~~~~~~~~~~~~~~~~~~~~~~~~~~~~~~~~~~~~~~
 1665 |                                               p, NOTIFY_CHANGE);
      |                                               ~~~~~~~~~~~~~~~~~
/home/nathan/cbl/src/linux-next/drivers/block/drbd/drbd_state.c:1619:17: note: expanded from macro 'REMEMBER_STATE_CHANGE'
 1619 |            last_func = (typeof(last_func))func; \
      |                        ^~~~~~~~~~~~~~~~~~~~~~~
4 warnings generated.
/home/nathan/cbl/src/linux-next/drivers/net/wireless/broadcom/brcm80211/brcmsmac/phy_shim.c:64:34: warning: cast from 'void (*)(struct brcms_phy *)' to 'void (*)(void *)' converts to incompatible function type [-Wcast-function-type-strict]
   64 |                         brcms_init_timer(physhim->wl, (void (*)(void *))fn,
      |                                                       ^~~~~~~~~~~~~~~~~~~~
1 warning generated.
/home/nathan/cbl/src/linux-next/drivers/net/wireless/ath/ath9k/main.c:1566:21: warning: parameter 'changed_flags' set but not used [-Wunused-but-set-parameter]
 1566 |                                    unsigned int changed_flags,
      |                                                 ^
1 warning generated.
/home/nathan/cbl/src/linux-next/drivers/net/wireless/ath/ath5k/mac80211-ops.c:367:62: warning: parameter 'changed_flags' set but not used [-Wunused-but-set-parameter]
  367 | ath5k_configure_filter(struct ieee80211_hw *hw, unsigned int changed_flags,
      |                                                              ^
1 warning generated.
/home/nathan/cbl/src/linux-next/net/ceph/osdmap.c:1441:10: warning: result of comparison of constant 4611686018427387891 with expression of type 'u32' (aka 'unsigned int') is always false [-Wtautological-constant-out-of-range-compare]
 1441 |         if (len > (SIZE_MAX - sizeof(*pg)) / sizeof(u32))
      |             ~~~ ^ ~~~~~~~~~~~~~~~~~~~~~~~~~~~~~~~~~~~~~~
/home/nathan/cbl/src/linux-next/net/ceph/osdmap.c:1624:10: warning: result of comparison of constant 2305843009213693945 with expression of type 'u32' (aka 'unsigned int') is always false [-Wtautological-constant-out-of-range-compare]
 1624 |         if (len > (SIZE_MAX - sizeof(*pg)) / (2 * sizeof(u32)))
      |             ~~~ ^ ~~~~~~~~~~~~~~~~~~~~~~~~~~~~~~~~~~~~~~~~~~~~
2 warnings generated.
/home/nathan/cbl/src/linux-next/drivers/net/ethernet/brocade/bna/bnad.c:1995:4: warning: cast from 'void (*)(struct delayed_work *)' to 'work_func_t' (aka 'void (*)(struct work_struct *)') converts to incompatible function type [-Wcast-function-type-strict]
 1995 |                         (work_func_t)bnad_tx_cleanup);
      |                         ^~~~~~~~~~~~~~~~~~~~~~~~~~~~
/home/nathan/cbl/src/linux-next/include/linux/workqueue.h:320:29: note: expanded from macro 'INIT_DELAYED_WORK'
  320 |         __INIT_DELAYED_WORK(_work, _func, 0)
      |                                    ^~~~~
/home/nathan/cbl/src/linux-next/include/linux/workqueue.h:305:30: note: expanded from macro '__INIT_DELAYED_WORK'
  305 |                 INIT_WORK(&(_work)->work, (_func));                     \
      |                                            ^~~~~
/home/nathan/cbl/src/linux-next/include/linux/workqueue.h:298:24: note: expanded from macro 'INIT_WORK'
  298 |         __INIT_WORK((_work), (_func), 0)
      |                               ^~~~~
/home/nathan/cbl/src/linux-next/include/linux/workqueue.h:293:20: note: expanded from macro '__INIT_WORK'
  293 |                 (_work)->func = (_func);                                \
      |                                  ^~~~~
/home/nathan/cbl/src/linux-next/drivers/net/ethernet/brocade/bna/bnad.c:2252:4: warning: cast from 'void (*)(void *)' to 'work_func_t' (aka 'void (*)(struct work_struct *)') converts to incompatible function type [-Wcast-function-type-strict]
 2252 |                         (work_func_t)(bnad_rx_cleanup));
      |                         ^~~~~~~~~~~~~~~~~~~~~~~~~~~~~~
/home/nathan/cbl/src/linux-next/include/linux/workqueue.h:298:24: note: expanded from macro 'INIT_WORK'
  298 |         __INIT_WORK((_work), (_func), 0)
      |                               ^~~~~
/home/nathan/cbl/src/linux-next/include/linux/workqueue.h:293:20: note: expanded from macro '__INIT_WORK'
  293 |                 (_work)->func = (_func);                                \
      |                                  ^~~~~
2 warnings generated.
/home/nathan/cbl/src/linux-next/drivers/net/wireless/ath/ath9k/htc_drv_main.c:1258:25: warning: parameter 'changed_flags' set but not used [-Wunused-but-set-parameter]
 1258 |                                        unsigned int changed_flags,
      |                                                     ^
1 warning generated.
/home/nathan/cbl/src/linux-next/fs/nilfs2/ioctl.c:63:19: warning: result of comparison of constant 65536 with expression of type '__u16' (aka 'unsigned short') is always false [-Wtautological-constant-out-of-range-compare]
   63 |         if (argv->v_size > PAGE_SIZE)
      |             ~~~~~~~~~~~~ ^ ~~~~~~~~~
1 warning generated.
/home/nathan/cbl/src/linux-next/drivers/scsi/bfa/bfad_bsg.c:2138:29: warning: cast from 'void (*)(void *, enum bfa_status)' to 'bfa_cb_cbfn_t' (aka 'void (*)(void *, enum bfa_boolean)') converts to incompatible function type [-Wcast-function-type-strict]
 2138 |         bfa_pending_q_init(&cb_qe, (bfa_cb_cbfn_t)bfad_hcb_comp,
      |                                    ^~~~~~~~~~~~~~~~~~~~~~~~~~~~
/home/nathan/cbl/src/linux-next/drivers/scsi/bfa/bfa.h:453:25: note: expanded from macro 'bfa_pending_q_init'
  453 |         (__qe)->hcb_qe.cbfn = (__cbfn);                         \
      |                                ^~~~~~
/home/nathan/cbl/src/linux-next/drivers/scsi/bfa/bfad_bsg.c:2162:29: warning: cast from 'void (*)(void *, enum bfa_status)' to 'bfa_cb_cbfn_t' (aka 'void (*)(void *, enum bfa_boolean)') converts to incompatible function type [-Wcast-function-type-strict]
 2162 |         bfa_pending_q_init(&cb_qe, (bfa_cb_cbfn_t)bfad_hcb_comp, &fcomp, NULL);
      |                                    ^~~~~~~~~~~~~~~~~~~~~~~~~~~~
/home/nathan/cbl/src/linux-next/drivers/scsi/bfa/bfa.h:453:25: note: expanded from macro 'bfa_pending_q_init'
  453 |         (__qe)->hcb_qe.cbfn = (__cbfn);                         \
      |                                ^~~~~~
/home/nathan/cbl/src/linux-next/drivers/scsi/bfa/bfad_bsg.c:2446:29: warning: cast from 'void (*)(void *, enum bfa_status)' to 'bfa_cb_cbfn_t' (aka 'void (*)(void *, enum bfa_boolean)') converts to incompatible function type [-Wcast-function-type-strict]
 2446 |         bfa_pending_q_init(&cb_qe, (bfa_cb_cbfn_t)bfad_hcb_comp,
      |                                    ^~~~~~~~~~~~~~~~~~~~~~~~~~~~
/home/nathan/cbl/src/linux-next/drivers/scsi/bfa/bfa.h:453:25: note: expanded from macro 'bfa_pending_q_init'
  453 |         (__qe)->hcb_qe.cbfn = (__cbfn);                         \
      |                                ^~~~~~
/home/nathan/cbl/src/linux-next/drivers/scsi/bfa/bfad_bsg.c:2477:29: warning: cast from 'void (*)(void *, enum bfa_status)' to 'bfa_cb_cbfn_t' (aka 'void (*)(void *, enum bfa_boolean)') converts to incompatible function type [-Wcast-function-type-strict]
 2477 |         bfa_pending_q_init(&cb_qe, (bfa_cb_cbfn_t)bfad_hcb_comp,
      |                                    ^~~~~~~~~~~~~~~~~~~~~~~~~~~~
/home/nathan/cbl/src/linux-next/drivers/scsi/bfa/bfa.h:453:25: note: expanded from macro 'bfa_pending_q_init'
  453 |         (__qe)->hcb_qe.cbfn = (__cbfn);                         \
      |                                ^~~~~~
4 warnings generated.
/home/nathan/cbl/src/linux-next/drivers/scsi/csiostor/csio_lnode.c:1098:33: warning: cast from 'void (*)(struct csio_lnode *, enum csio_ln_ev)' to 'csio_sm_state_t' (aka 'void (*)(void *, unsigned int)') converts to incompatible function type [-Wcast-function-type-strict]
 1098 |         return (csio_get_state(ln) == ((csio_sm_state_t)csio_lns_ready));
      |                                        ^~~~~~~~~~~~~~~~~~~~~~~~~~~~~~~
/home/nathan/cbl/src/linux-next/drivers/scsi/csiostor/csio_lnode.c:1369:29: warning: cast from 'void (*)(struct csio_lnode *, enum csio_ln_ev)' to 'csio_sm_state_t' (aka 'void (*)(void *, unsigned int)') converts to incompatible function type [-Wcast-function-type-strict]
 1369 |         if (csio_get_state(ln) == ((csio_sm_state_t)csio_lns_uninit)) {
      |                                    ^~~~~~~~~~~~~~~~~~~~~~~~~~~~~~~~
/home/nathan/cbl/src/linux-next/drivers/scsi/csiostor/csio_lnode.c:1373:29: warning: cast from 'void (*)(struct csio_lnode *, enum csio_ln_ev)' to 'csio_sm_state_t' (aka 'void (*)(void *, unsigned int)') converts to incompatible function type [-Wcast-function-type-strict]
 1373 |         if (csio_get_state(ln) == ((csio_sm_state_t)csio_lns_ready)) {
      |                                    ^~~~~~~~~~~~~~~~~~~~~~~~~~~~~~~
/home/nathan/cbl/src/linux-next/drivers/scsi/csiostor/csio_lnode.c:1377:29: warning: cast from 'void (*)(struct csio_lnode *, enum csio_ln_ev)' to 'csio_sm_state_t' (aka 'void (*)(void *, unsigned int)') converts to incompatible function type [-Wcast-function-type-strict]
 1377 |         if (csio_get_state(ln) == ((csio_sm_state_t)csio_lns_offline)) {
      |                                    ^~~~~~~~~~~~~~~~~~~~~~~~~~~~~~~~~
4 warnings generated.
/home/nathan/cbl/src/linux-next/drivers/scsi/bfa/bfa_core.c:1917:11: warning: cast from 'bfa_cb_cbfn_t' (aka 'void (*)(void *, enum bfa_boolean)') to 'bfa_cb_cbfn_status_t' (aka 'void (*)(void *, enum bfa_status)') converts to incompatible function type [-Wcast-function-type-strict]
 1917 |                         cbfn = (bfa_cb_cbfn_status_t)(hcb_qe->cbfn);
      |                                ^~~~~~~~~~~~~~~~~~~~~~~~~~~~~~~~~~~~
1 warning generated.
/home/nathan/cbl/src/linux-next/drivers/md/dm-integrity.c:4159:12: warning: result of comparison of constant 14316557650 with expression of type 'unsigned int' is always false [-Wtautological-constant-out-of-range-compare]
 4159 |                         if (val >= (uint64_t)UINT_MAX * 1000 / HZ) {
      |                             ~~~ ^  ~~~~~~~~~~~~~~~~~~~~~~~~~~~~~~
1 warning generated.
/home/nathan/cbl/src/linux-next/drivers/scsi/cxlflash/main.c:3493:3: warning: cast from 'int (*)(struct cxlflash_cfg *, struct ht_cxlflash_lun_provision *)' to 'hioctl' (aka 'int (*)(struct cxlflash_cfg *, void *)') converts to incompatible function type [-Wcast-function-type-strict]
 3493 |                 (hioctl)cxlflash_lun_provision },
      |                 ^~~~~~~~~~~~~~~~~~~~~~~~~~~~~~
/home/nathan/cbl/src/linux-next/drivers/scsi/cxlflash/main.c:3495:3: warning: cast from 'int (*)(struct cxlflash_cfg *, struct ht_cxlflash_afu_debug *)' to 'hioctl' (aka 'int (*)(struct cxlflash_cfg *, void *)') converts to incompatible function type [-Wcast-function-type-strict]
 3495 |                 (hioctl)cxlflash_afu_debug },
      |                 ^~~~~~~~~~~~~~~~~~~~~~~~~~
/home/nathan/cbl/src/linux-next/drivers/scsi/cxlflash/superpipe.c:2114:38: warning: cast from 'int (*)(struct scsi_device *, struct dk_cxlflash_attach *)' to 'sioctl' (aka 'int (*)(struct scsi_device *, void *)') converts to incompatible function type [-Wcast-function-type-strict]
 2114 |         {sizeof(struct dk_cxlflash_attach), (sioctl)cxlflash_disk_attach},
      |                                             ^~~~~~~~~~~~~~~~~~~~~~~~~~~~
/home/nathan/cbl/src/linux-next/drivers/scsi/cxlflash/superpipe.c:2116:39: warning: cast from 'int (*)(struct scsi_device *, struct dk_cxlflash_release *)' to 'sioctl' (aka 'int (*)(struct scsi_device *, void *)') converts to incompatible function type [-Wcast-function-type-strict]
 2116 |         {sizeof(struct dk_cxlflash_release), (sioctl)cxlflash_disk_release},
      |                                              ^~~~~~~~~~~~~~~~~~~~~~~~~~~~~
/home/nathan/cbl/src/linux-next/drivers/scsi/cxlflash/superpipe.c:2117:38: warning: cast from 'int (*)(struct scsi_device *, struct dk_cxlflash_detach *)' to 'sioctl' (aka 'int (*)(struct scsi_device *, void *)') converts to incompatible function type [-Wcast-function-type-strict]
 2117 |         {sizeof(struct dk_cxlflash_detach), (sioctl)cxlflash_disk_detach},
      |                                             ^~~~~~~~~~~~~~~~~~~~~~~~~~~~
/home/nathan/cbl/src/linux-next/drivers/scsi/cxlflash/superpipe.c:2118:38: warning: cast from 'int (*)(struct scsi_device *, struct dk_cxlflash_verify *)' to 'sioctl' (aka 'int (*)(struct scsi_device *, void *)') converts to incompatible function type [-Wcast-function-type-strict]
 2118 |         {sizeof(struct dk_cxlflash_verify), (sioctl)cxlflash_disk_verify},
      |                                             ^~~~~~~~~~~~~~~~~~~~~~~~~~~~
/home/nathan/cbl/src/linux-next/drivers/scsi/cxlflash/superpipe.c:2119:43: warning: cast from 'int (*)(struct scsi_device *, struct dk_cxlflash_recover_afu *)' to 'sioctl' (aka 'int (*)(struct scsi_device *, void *)') converts to incompatible function type [-Wcast-function-type-strict]
 2119 |         {sizeof(struct dk_cxlflash_recover_afu), (sioctl)cxlflash_afu_recover},
      |                                                  ^~~~~~~~~~~~~~~~~~~~~~~~~~~~
/home/nathan/cbl/src/linux-next/drivers/scsi/cxlflash/superpipe.c:2120:42: warning: cast from 'int (*)(struct scsi_device *, struct dk_cxlflash_manage_lun *)' to 'sioctl' (aka 'int (*)(struct scsi_device *, void *)') converts to incompatible function type [-Wcast-function-type-strict]
 2120 |         {sizeof(struct dk_cxlflash_manage_lun), (sioctl)cxlflash_manage_lun},
      |                                                 ^~~~~~~~~~~~~~~~~~~~~~~~~~~
/home/nathan/cbl/src/linux-next/drivers/scsi/cxlflash/superpipe.c:2122:38: warning: cast from 'int (*)(struct scsi_device *, struct dk_cxlflash_resize *)' to 'sioctl' (aka 'int (*)(struct scsi_device *, void *)') converts to incompatible function type [-Wcast-function-type-strict]
 2122 |         {sizeof(struct dk_cxlflash_resize), (sioctl)cxlflash_vlun_resize},
      |                                             ^~~~~~~~~~~~~~~~~~~~~~~~~~~~
/home/nathan/cbl/src/linux-next/drivers/scsi/cxlflash/superpipe.c:2123:37: warning: cast from 'int (*)(struct scsi_device *, struct dk_cxlflash_clone *)' to 'sioctl' (aka 'int (*)(struct scsi_device *, void *)') converts to incompatible function type [-Wcast-function-type-strict]
 2123 |         {sizeof(struct dk_cxlflash_clone), (sioctl)cxlflash_disk_clone},
      |                                            ^~~~~~~~~~~~~~~~~~~~~~~~~~~
8 warnings generated.
2 warnings generated.
/home/nathan/cbl/src/linux-next/drivers/scsi/ibmvscsi_tgt/ibmvscsi_tgt.c:1630:32: warning: result of comparison of constant 65536 with expression of type 'u16' (aka 'unsigned short') is always false [-Wtautological-constant-out-of-range-compare]
 1630 |         if ((olen < min_len) || (olen > PAGE_SIZE)) {
      |                                  ~~~~ ^ ~~~~~~~~~
1 warning generated.
/home/nathan/cbl/src/linux-next/fs/ceph/snap.c:372:10: warning: result of comparison of constant 2305843009213693948 with expression of type 'u32' (aka 'unsigned int') is always false [-Wtautological-constant-out-of-range-compare]
  372 |         if (num > (SIZE_MAX - sizeof(*snapc)) / sizeof(u64))
      |             ~~~ ^ ~~~~~~~~~~~~~~~~~~~~~~~~~~~~~~~~~~~~~~~~~
1 warning generated.
/home/nathan/cbl/src/linux-next/drivers/media/usb/pvrusb2/pvrusb2-v4l2.c:1070:30: warning: cast from 'void (*)(struct pvr2_v4l2_fh *)' to 'pvr2_stream_callback' (aka 'void (*)(void *)') converts to incompatible function type [-Wcast-function-type-strict]
 1070 |         pvr2_stream_set_callback(sp,(pvr2_stream_callback)pvr2_v4l2_notify,fh);
      |                                     ^~~~~~~~~~~~~~~~~~~~~~~~~~~~~~~~~~~~~~
1 warning generated.
/home/nathan/cbl/src/linux-next/drivers/media/usb/pvrusb2/pvrusb2-context.c:110:6: warning: cast from 'void (*)(struct pvr2_context *)' to 'void (*)(void *)' converts to incompatible function type [-Wcast-function-type-strict]
  110 |                                         (void (*)(void *))pvr2_context_notify,
      |                                         ^~~~~~~~~~~~~~~~~~~~~~~~~~~~~~~~~~~~~
1 warning generated.
/home/nathan/cbl/src/linux-next/drivers/media/usb/pvrusb2/pvrusb2-dvb.c:152:6: warning: cast from 'void (*)(struct pvr2_dvb_adapter *)' to 'pvr2_stream_callback' (aka 'void (*)(void *)') converts to incompatible function type [-Wcast-function-type-strict]
  152 |                                  (pvr2_stream_callback) pvr2_dvb_notify, adap);
      |                                  ^~~~~~~~~~~~~~~~~~~~~~~~~~~~~~~~~~~~~~
1 warning generated.
/home/nathan/cbl/src/linux-next/drivers/gpu/drm/nouveau/nvkm/subdev/bios/shadow.c:161:10: warning: cast from 'void (*)(const struct firmware *)' to 'void (*)(void *)' converts to incompatible function type [-Wcast-function-type-strict]
  161 |         .fini = (void(*)(void *))release_firmware,
      |                 ^~~~~~~~~~~~~~~~~~~~~~~~~~~~~~~~~
/home/nathan/cbl/src/linux-next/drivers/gpu/drm/nouveau/nvkm/subdev/bios/shadowof.c:73:10: warning: cast from 'void (*)(const void *)' to 'void (*)(void *)' converts to incompatible function type [-Wcast-function-type-strict]
   73 |         .fini = (void(*)(void *))kfree,
      |                 ^~~~~~~~~~~~~~~~~~~~~~
1 warning generated.
1 warning generated.
/home/nathan/cbl/src/linux-next/drivers/infiniband/ulp/srpt/ib_srpt.c:1811:5: warning: cast from 'void (*)(struct ib_event *, struct srpt_rdma_ch *)' to 'void (*)(struct ib_event *, void *)' converts to incompatible function type [-Wcast-function-type-strict]
 1811 |                 = (void(*)(struct ib_event *, void*))srpt_qp_event;
      |                   ^~~~~~~~~~~~~~~~~~~~~~~~~~~~~~~~~~~~~~~~~~~~~~~~
1 warning generated.
/home/nathan/cbl/src/linux-next/drivers/infiniband/core/uverbs_ioctl.c:90:39: warning: result of comparison of constant 65536 with expression of type 'u16' (aka 'unsigned short') is always false [-Wtautological-constant-out-of-range-compare]
   90 |         WARN_ON_ONCE(method_elm->bundle_size > PAGE_SIZE);
      |         ~~~~~~~~~~~~~~~~~~~~~~~~~~~~~~~~~~~~~^~~~~~~~~~~~
/home/nathan/cbl/src/linux-next/include/asm-generic/bug.h:111:25: note: expanded from macro 'WARN_ON_ONCE'
  111 |         int __ret_warn_on = !!(condition);                      \
      |                                ^~~~~~~~~
/home/nathan/cbl/src/linux-next/drivers/infiniband/core/uverbs_ioctl.c:629:17: warning: result of comparison of constant 65536 with expression of type '__u16' (aka 'unsigned short') is always false [-Wtautological-constant-out-of-range-compare]
  629 |         if (hdr.length > PAGE_SIZE ||
      |             ~~~~~~~~~~ ^ ~~~~~~~~~
2 warnings generated.
/home/nathan/cbl/src/linux-next/drivers/net/ethernet/qlogic/qed/qed_vf.c:63:67: warning: parameter 'resp_size' set but not used [-Wunused-but-set-parameter]
   63 | static int qed_send_msg2pf(struct qed_hwfn *p_hwfn, u8 *done, u32 resp_size)
      |                                                                   ^
/home/nathan/cbl/src/linux-next/drivers/net/ethernet/mellanox/mlx5/core/en/xsk/setup.c:32:22: warning: result of comparison of constant 65536 with expression of type 'u16' (aka 'unsigned short') is always false [-Wtautological-constant-out-of-range-compare]
   32 |         if (xsk->chunk_size > PAGE_SIZE || xsk->chunk_size < MLX5E_MIN_XSK_CHUNK_SIZE) {
      |             ~~~~~~~~~~~~~~~ ^ ~~~~~~~~~
1 warning generated.
1 warning generated.

[01;32mQEMU location: [0m/usr/sbin[0m

[01;32mQEMU version: [0mQEMU emulator version 8.0.3[0m
[    0.014817550,5] OPAL v7.0 starting...
[    0.015375509,7] initial console log level: memory 7, driver 5
[    0.015422323,6] CPU: P9 generation processor (max 4 threads/core)
[    0.015448254,7] CPU: Boot CPU PIR is 0x0000 PVR is 0x004e1200
[    0.015585691,7] OPAL table: 0x3018a660 .. 0x3018ac20, branch table: 0x30120000
[    0.015753588,7] Assigning physical memory map table for nimbus
[    0.016087392,7] FDT: Parsing fdt @0x1000000
[    0.018346775,5] CHIP: Detected QEMU simulator
[    0.018537406,6] CHIP: Initialised chip 0 from xscom@603fc00000000
[    0.018894669,6] P9 DD2.00 detected
[    0.018911623,5] CHIP: Chip ID 0000 type: P9N DD2.00
[    0.018920394,7] XSCOM: Base address: 0x603fc00000000
[    0.018940990,7] XSTOP: ibm,sw-checkstop-fir prop not found
[    0.019016952,6] MFSI 0:0: Initialized
[    0.019027283,6] MFSI 0:2: Initialized
[    0.019036332,6] MFSI 0:1: Initialized
[    0.019630579,6] LPC: LPC[000]: Initialized
[    0.019639197,7] LPC: access via MMIO @0x6030000000000
[    0.019665015,7] LPC: Default bus on chip 0x0
[    0.019748317,7] CPU: New max PIR set to 0x3
[    0.020260765,7] MEM: parsing reserved memory from reserved-names/-ranges properties
[    0.020351834,7] HOMER: Init chip 0
[    0.020383828,7]   PBA BAR0 : 0x0000203ffd800000
[    0.020391641,7]   PBA MASK0: 0x0000000000300000
[    0.020421619,7]   HOMER Image at 0x203ffd800000 size 4MB
[    0.020465181,4] HOMER image is not reserved! Reserving
[    0.020516006,7]   PBA BAR2 : 0x0000203fff800000
[    0.020521080,7]   PBA MASK2: 0x0000000000700000
[    0.020535869,7]   OCC Common Area at 0x203fff800000 size 8MB
[    0.020568043,4] OCC common area is not reserved! Reserving
[    0.020645318,7] CPU: decrementer bits 56
[    0.020726794,6] CPU: CPU from DT PIR=0x0000 Server#=0x0 State=4
[    0.020826439,6] CPU:  1 secondary threads
[    0.022098928,5] PLAT: Using SuperIO UART
[    0.022394448,7] UART: Using LPC IRQ 4
[    0.024962278,5] PLAT: Detected QEMU POWER9 platform
[    0.025044134,5] PLAT: Detected BMC platform ast2500:openbmc
[    0.040234828,5] CPU: All 1 processors called in...
[    0.041272722,7] LPC: Routing irq 10, policy: 0 (r=1)
[    0.041346806,7] LPC: SerIRQ 10 using route 0 targetted at OPAL
[    0.063011639,5] HIOMAP: Negotiated hiomap protocol v2
[    0.063148347,5] HIOMAP: Block size is 4KiB
[    0.063272595,5] HIOMAP: BMC suggested flash timeout of 0s
[    0.063434403,5] HIOMAP: Flash size is 128MiB
[    0.063502209,5] HIOMAP: Erase granule size is 4KiB
[    0.080040645,3] FFS: Reading the flash has returned all 0xFF.
[    0.080175737,3]      Are you reading erased flash?
[    0.080234796,3]      Is something else using the flash controller?
[    0.080318052,4] FLASH: No ffs info; using raw device only
[    0.085616823,3] FFS: Reading the flash has returned all 0xFF.
[    0.085685321,3]      Are you reading erased flash?
[    0.085748407,3]      Is something else using the flash controller?
[    0.085905583,3] FLASH: Can't open ffs handle
[    0.091202892,3] FFS: Reading the flash has returned all 0xFF.
[    0.091268476,3]      Are you reading erased flash?
[    0.091322549,3]      Is something else using the flash controller?
[    0.091393114,3] FLASH: Can't open ffs handle
[    0.096603499,3] FFS: Reading the flash has returned all 0xFF.
[    0.096669001,3]      Are you reading erased flash?
[    0.096721894,3]      Is something else using the flash controller?
[    0.096790007,3] FLASH: Can't open ffs handle
[    0.101995601,3] FFS: Reading the flash has returned all 0xFF.
[    0.102061108,3]      Are you reading erased flash?
[    0.102115012,3]      Is something else using the flash controller?
[    0.102182863,3] FLASH: Can't open ffs handle
[    0.107398753,3] FFS: Reading the flash has returned all 0xFF.
[    0.107468553,3]      Are you reading erased flash?
[    0.107525688,3]      Is something else using the flash controller?
[    0.107597177,3] FLASH: Can't open ffs handle
[    0.112806880,3] FFS: Reading the flash has returned all 0xFF.
[    0.112872967,3]      Are you reading erased flash?
[    0.112926491,3]      Is something else using the flash controller?
[    0.112997574,3] FLASH: Can't open ffs handle
[    0.124072687,2] NVRAM: Failed to load
[    0.124132838,2] NVRAM: Failed to load
[    0.124210939,5] STB: secure boot not supported
[    0.124301038,5] STB: trusted boot not supported
[    0.124564056,4] FLASH: Can't load resource id:4. No system flash found
[    0.124810064,4] FLASH: Can't load resource id:3. No system flash found
[    0.124942119,2] NVRAM: Failed to load
[    0.125095530,7] LPC: Routing irq 4, policy: 0 (r=1)
[    0.125111376,7] LPC: SerIRQ 4 using route 1 targetted at OPAL
[    0.125476615,3] SLW: Failed to set HRMOR for CPU 0,RC=0x1
[    0.125683078,5] Unable to log error
[    0.125762173,3] Disabling deep stop states
[    0.125960028,2] NVRAM: Failed to load
[    0.126286466,3] OCC: Chip: 0: OCC not active
[    0.126353363,3] OCC: Initialization on all chips did not complete(timed out)
[    0.126444175,5] Unable to log error
[    0.126515443,2] NVRAM: Failed to load
[    0.126577744,2] NVRAM: Failed to load
[    0.126630550,2] NVRAM: Failed to load
[    0.126873280,4] FLASH: Can't load resource id:2. No system flash found
[    0.127119251,4] FLASH: Can't load resource id:0. No system flash found
[    0.127211469,4] FLASH: Can't load resource id:1. No system flash found
[    0.127409827,3] IMC: IMC Catalog load failed
[    0.127690148,2] NVRAM: Failed to load
[    0.127747770,2] NVRAM: Failed to load
[    0.127809600,2] NVRAM: Failed to load
[    0.128139176,5] PCI: Resetting PHBs and training links...
[    0.128255335,5] PCI: Probing slots...
[    0.128315907,5] PCI Summary:
[    0.128425340,4] FLASH: Failed to load VERSION data
[    0.345812646,2] NVRAM: Failed to load
[    0.346365553,5] INIT: Waiting for kernel...
[    0.346425284,5] INIT: platform wait for kernel load failed
[    0.346509114,5] INIT: Assuming kernel at 0x20000000
[    0.346612120,5] INIT: 64-bit LE kernel discovered
[    0.346883022,3] OCC: Chip 0 sensor data invalid
[    0.347153905,2] NVRAM: Failed to load
[    0.353634619,5] INIT: Starting kernel at 0x20010000, fdt at 0x30758170 15742 bytes


zImage starting: loaded at 0x0000000020010000 (sp: 0x0000000020809da0)

Allocating 0x2c6bdc8 bytes for kernel...

Decompressing (0x0000000000000000 <- 0x0000000020022000:0x00000000208083c4)...

Done! Decompressed 0x2a30000 bytes


Linux/PowerPC load: 

Finalizing device tree... flat tree at 0x2080b0a0

[    0.000000][    T0] OF: reserved mem: 0x0000000030000000..0x00000000305fffff (6144 KiB) map non-reusable ibm,firmware-code@30000000
[    0.000000][    T0] OF: reserved mem: 0x0000000030600000..0x0000000030ffffff (10240 KiB) map non-reusable ibm,firmware-heap@30600000
[    0.000000][    T0] OF: reserved mem: 0x0000000031000000..0x0000000031c0ffff (12352 KiB) map non-reusable ibm,firmware-data@31000000
[    0.000000][    T0] OF: reserved mem: 0x0000000031c10000..0x0000000031c2ffff (128 KiB) map non-reusable ibm,firmware-stacks@31c10000
[    0.000000][    T0] OF: reserved mem: 0x0000000031c30000..0x000000003290ffff (13184 KiB) map non-reusable ibm,firmware-allocs-memory@31c30000
[    0.000000][    T0] OF: reserved mem: 0x0000203ffd800000..0x0000203ffdbfffff (4096 KiB) map non-reusable ibm,homer-image@203ffd800000
[    0.000000][    T0] OF: reserved mem: 0x0000203fff800000..0x0000203fffffffff (8192 KiB) map non-reusable ibm,occ-common-area@203fff800000
[    0.000000][    T0] dt-cpu-ftrs: setup for ISA 3000
[    0.000000][    T0] dt-cpu-ftrs: final cpu/mmu features = 0x0003c06b8f5fb187 0x3c007041
[    0.000000][    T0] Activating Kernel Userspace Access Prevention
[    0.000000][    T0] Activating Kernel Userspace Execution Prevention
[    0.000000][    T0] radix-mmu: Mapped 0x0000000000000000-0x0000000002690000 with 64.0 KiB pages (exec)
[    0.000000][    T0] radix-mmu: Mapped 0x0000000002690000-0x0000000080000000 with 64.0 KiB pages
[    0.000000][    T0] radix-mmu: Initializing Radix MMU
[    0.000000][    T0] Linux version 6.5.0-rc5-next-20230809-default-cbl (nathan@dev-arch.m3-large-x86-01) (ClangBuiltLinux clang version 17.0.0 (https://github.com/llvm/llvm-project edc0ee3ccad416ab186202bf928ea64e3a7987b7), ClangBuiltLinux LLD 17.0.0) #1 SMP Fri Aug 11 18:51:42 UTC 2023
[    0.000000][    T0] Found initrd at 0xc000000028000000:0xc000000028878600
[    0.000000][    T0] Hardware name: IBM PowerNV (emulated by qemu) POWER9 0x4e1200 opal:v7.0 PowerNV
[    0.000000][    T0] printk: bootconsole [udbg0] enabled
[    0.000000][    T0] CPU maps initialized for 1 thread per core
[    0.000000][    T0] -----------------------------------------------------
[    0.000000][    T0] phys_mem_size     = 0x80000000
[    0.000000][    T0] dcache_bsize      = 0x80
[    0.000000][    T0] icache_bsize      = 0x80
[    0.000000][    T0] cpu_features      = 0x0003c06b8f4fb187
[    0.000000][    T0]   possible        = 0x001ffbebcf5fb187
[    0.000000][    T0]   always          = 0x0000000380008181
[    0.000000][    T0] cpu_user_features = 0xdc0065c2 0xaef00000
[    0.000000][    T0] mmu_features      = 0x3c007641
[    0.000000][    T0] firmware_features = 0x0000000110000000
[    0.000000][    T0] vmalloc start     = 0xc008000000000000
[    0.000000][    T0] IO start          = 0xc00a000000000000
[    0.000000][    T0] vmemmap start     = 0xc00c000000000000
[    0.000000][    T0] -----------------------------------------------------
[    0.000000][    T0] numa:   NODE_DATA [mem 0x7bf84280-0x7bf8bfff]
[    0.000000][    T0] kvm_cma_reserve: reserving 102 MiB for global area
[    0.000000][    T0] cma: Reserved 112 MiB at 0x0000000073000000 on node -1
[    0.000000][    T0] rfi-flush: fallback displacement flush available
[    0.000000][    T0] count-cache-flush: flush disabled.
[    0.000000][    T0] link-stack-flush: flush disabled.
[    0.000000][    T0] stf-barrier: eieio barrier available
[    0.000000][    T0] barrier-nospec: using ORI speculation barrier
[    0.000000][    T0] Zone ranges:
[    0.000000][    T0]   Normal   [mem 0x0000000000000000-0x000000007fffffff]
[    0.000000][    T0]   Device   empty
[    0.000000][    T0] Movable zone start for each node
[    0.000000][    T0] Early memory node ranges
[    0.000000][    T0]   node   0: [mem 0x0000000000000000-0x000000007fffffff]
[    0.000000][    T0] Initmem setup node 0 [mem 0x0000000000000000-0x000000007fffffff]
[    0.000000][    T0] percpu: Embedded 10 pages/cpu s607400 r0 d47960 u655360
[    0.000000][    T0] Kernel command line: 
[    0.000000][    T0] random: crng init done
[    0.000000][    T0] Dentry cache hash table entries: 262144 (order: 5, 2097152 bytes, linear)
[    0.000000][    T0] Inode-cache hash table entries: 131072 (order: 4, 1048576 bytes, linear)
[    0.000000][    T0] Fallback order for Node 0: 0 
[    0.000000][    T0] Built 1 zonelists, mobility grouping on.  Total pages: 32736
[    0.000000][    T0] Policy zone: Normal
[    0.000000][    T0] mem auto-init: stack:off, heap alloc:off, heap free:off
[    0.000000][    T0] Memory: 0K/2097152K available (16640K kernel code, 3712K rwdata, 16128K rodata, 6720K init, 2287K bss, 185344K reserved, 114688K cma-reserved)
[    0.000000][    T0] SLUB: HWalign=128, Order=0-3, MinObjects=0, CPUs=1, Nodes=1
[    0.000000][    T0] ftrace: allocating 39393 entries in 15 pages
[    0.000000][    T0] ftrace: allocated 15 pages with 4 groups
[    0.000000][    T0] trace event string verifier disabled
[    0.000000][    T0] rcu: Hierarchical RCU implementation.
[    0.000000][    T0] rcu: 	RCU event tracing is enabled.
[    0.000000][    T0] rcu: 	RCU restricting CPUs from NR_CPUS=2048 to nr_cpu_ids=1.
[    0.000000][    T0] 	Rude variant of Tasks RCU enabled.
[    0.000000][    T0] 	Tracing variant of Tasks RCU enabled.
[    0.000000][    T0] rcu: RCU calculated value of scheduler-enlistment delay is 30 jiffies.
[    0.000000][    T0] rcu: Adjusting geometry for rcu_fanout_leaf=16, nr_cpu_ids=1
[    0.000000][    T0] NR_IRQS: 512, nr_irqs: 512, preallocated irqs: 16
[    0.000000][    T0] xive: Interrupt handling initialized with native backend
[    0.000000][    T0] xive: Using priority 7 for all interrupts
[    0.000000][    T0] xive: Using 64kB queues
[    0.000000][    T0] rcu: srcu_init: Setting srcu_struct sizes based on contention.
[    0.000063][    T0] time_init: 56 bit decrementer (max: 7fffffffffffff)
[    0.001247][    T0] clocksource: timebase: mask: 0xffffffffffffffff max_cycles: 0x761537d007, max_idle_ns: 440795202126 ns
[    0.002574][    T0] clocksource: timebase mult[1f40000] shift[24] registered
[    0.016550][    T0] Console: colour dummy device 80x25
[    0.017774][    T0] printk: console [hvc0] enabled
[    0.017774][    T0] printk: console [hvc0] enabled
[    0.018760][    T0] printk: bootconsole [udbg0] disabled
[    0.018760][    T0] printk: bootconsole [udbg0] disabled
[    0.021958][    T0] pid_max: default: 32768 minimum: 301
[    0.025323][    T0] LSM: initializing lsm=lockdown,capability,landlock,yama,apparmor,tomoyo,bpf,integrity
[    0.027007][    T0] landlock: Up and running.
[    0.027175][    T0] Yama: becoming mindful.
[    0.032302][    T0] AppArmor: AppArmor initialized
[    0.032529][    T0] TOMOYO Linux initialized
[    0.033388][    T0] LSM support for eBPF active
[    0.036496][    T0] Mount-cache hash table entries: 8192 (order: 0, 65536 bytes, linear)
[    0.036785][    T0] Mountpoint-cache hash table entries: 8192 (order: 0, 65536 bytes, linear)
[    0.085790][    T1] RCU Tasks Rude: Setting shift to 0 and lim to 1 rcu_task_cb_adjust=1.
[    0.087099][    T1] RCU Tasks Trace: Setting shift to 0 and lim to 1 rcu_task_cb_adjust=1.
[    0.088433][    T1] POWER9 performance monitor hardware support registered
[    0.089830][    T1] rcu: Hierarchical SRCU implementation.
[    0.090077][    T1] rcu: 	Max phase no-delay instances is 1000.
[    0.108067][    T1] smp: Bringing up secondary CPUs ...
[    0.110618][    T1] smp: Brought up 1 node, 1 CPU
[    0.110967][    T1] numa: Node 0 CPUs: 0
[    0.120851][   T19] node 0 deferred pages initialised in 4ms
[    0.135794][    T1] devtmpfs: initialized
[    0.152066][    T1] clocksource: jiffies: mask: 0xffffffff max_cycles: 0xffffffff, max_idle_ns: 6370867519511994 ns
[    0.152468][    T1] futex hash table entries: 256 (order: -1, 32768 bytes, linear)
[    0.157007][    T1] pinctrl core: initialized pinctrl subsystem
[    0.175922][    T1] NET: Registered PF_NETLINK/PF_ROUTE protocol family
[    0.180593][    T1] audit: initializing netlink subsys (disabled)
[    0.184647][   T23] audit: type=2000 audit(1691779956.159:1): state=initialized audit_enabled=0 res=1
[    0.189169][    T1] thermal_sys: Registered thermal governor 'fair_share'
[    0.189212][    T1] thermal_sys: Registered thermal governor 'bang_bang'
[    0.189422][    T1] thermal_sys: Registered thermal governor 'step_wise'
[    0.189604][    T1] thermal_sys: Registered thermal governor 'user_space'
[    0.190226][    T1] cpuidle: using governor ladder
[    0.190667][    T1] cpuidle: using governor menu
[    0.191915][    T1] Failed to initialize. Disabling HugeTLB
[    0.192527][    T1] nvram: No room to create lnx,oops-log partition, deleting any obsolete OS partitions...
[    0.193006][    T1] nvram: Failed to find or create lnx,oops-log partition, err -28
[    0.193268][    T1] nvram: Failed to initialize oops partition!
[    0.200259][    T1] EEH: PowerNV platform initialized
[    0.223543][    T1] cpuidle-powernv: Default stop: psscr = 0x0000000000000330,mask=0x00000000003003ff
[    0.223997][    T1] cpuidle-powernv: Deepest stop: psscr = 0x0000000000300331,mask=0x00000000003003ff
[    0.224239][    T1] cpuidle-powernv: First stop level that may lose SPRs = 0x10
[    0.224468][    T1] cpuidle-powernv: First stop level that may lose timebase = 0x10
[    0.227350][    T1] kprobes: kprobe jump-optimization is enabled. All kprobes are optimized if possible.
[    0.269075][    T1] iommu: Default domain type: Translated
[    0.269314][    T1] iommu: DMA domain TLB invalidation policy: strict mode
[    0.270848][    T1] pps_core: LinuxPPS API ver. 1 registered
[    0.271032][    T1] pps_core: Software ver. 5.3.6 - Copyright 2005-2007 Rodolfo Giometti <giometti@linux.it>
[    0.271423][    T1] PTP clock support registered
[    0.271855][    T1] EDAC MC: Ver: 3.0.0
[    0.282797][    T1] NetLabel: Initializing
[    0.282949][    T1] NetLabel:  domain hash size = 128
[    0.283100][    T1] NetLabel:  protocols = UNLABELED CIPSOv4 CALIPSO
[    0.284432][    T1] NetLabel:  unlabeled traffic allowed by default
[    0.284682][    T1] mctp: management component transport protocol core
[    0.284874][    T1] NET: Registered PF_MCTP protocol family
[    0.285727][    T1] PCI: Probing PCI hardware
[    0.290669][    T1] vgaarb: loaded
[    0.295047][    T1] clocksource: Switched to clocksource timebase
[    0.308286][    T1] VFS: Disk quotas dquot_6.6.0
[    0.308681][    T1] VFS: Dquot-cache hash table entries: 8192 (order 0, 65536 bytes)
[    0.310401][    T1] hugetlbfs: disabling because there are no supported hugepage sizes
[    0.320593][    T1] AppArmor: AppArmor Filesystem Enabled
[    0.358311][    T1] NET: Registered PF_INET protocol family
[    0.359695][    T1] IP idents hash table entries: 32768 (order: 2, 262144 bytes, linear)
[    0.367984][    T1] tcp_listen_portaddr_hash hash table entries: 4096 (order: 0, 65536 bytes, linear)
[    0.368352][    T1] Table-perturb hash table entries: 65536 (order: 2, 262144 bytes, linear)
[    0.368646][    T1] TCP established hash table entries: 16384 (order: 1, 131072 bytes, linear)
[    0.369166][    T1] TCP bind hash table entries: 16384 (order: 3, 524288 bytes, linear)
[    0.369805][    T1] TCP: Hash tables configured (established 16384 bind 16384)
[    0.371779][    T1] MPTCP token hash table entries: 4096 (order: 0, 98304 bytes, linear)
[    0.372309][    T1] UDP hash table entries: 2048 (order: 0, 65536 bytes, linear)
[    0.372990][    T1] UDP-Lite hash table entries: 2048 (order: 0, 65536 bytes, linear)
[    0.374936][    T1] NET: Registered PF_UNIX/PF_LOCAL protocol family
[    0.375682][    T1] NET: Registered PF_XDP protocol family
[    0.376053][    T1] PCI: CLS 0 bytes, default 128
[    0.381014][   T11] Trying to unpack rootfs image as initramfs...
[    0.386320][    T1] rtas_flash: no firmware flash support
[    0.399852][    T1] Initialise system trusted keyrings
[    0.406192][    T1] Key type blacklist registered
[    0.407670][    T1] workingset: timestamp_bits=38 max_order=15 bucket_order=0
[    0.408148][    T1] zbud: loaded
[    0.424944][    T1] integrity: Platform Keyring initialized
[    0.491463][    T1] Key type asymmetric registered
[    0.491821][    T1] Asymmetric key parser 'x509' registered
[    0.497768][   T11] Freeing initrd memory: 8640K
[    0.521769][    T1] Block layer SCSI generic (bsg) driver version 0.4 loaded (major 247)
[    0.522744][    T1] io scheduler mq-deadline registered
[    0.522971][    T1] io scheduler kyber registered
[    0.523343][    T1] io scheduler bfq registered
[    0.531922][    T1] shpchp: Standard Hot Plug PCI Controller Driver version: 0.4
[    0.532185][    T1] rpaphp: RPA HOT Plug PCI Controller Driver version: 0.1
[    0.532559][    T1] rpadlpar_io_init: partition not DLPAR capable
[    0.535492][    T1] hvc0: raw protocol on /ibm,opal/consoles/serial@0 (boot console)
[    0.535838][    T1] hvc0: No interrupts property, using OPAL event
[    0.538306][    T1] Serial: 8250/16550 driver, 4 ports, IRQ sharing enabled
[    0.544412][    T1] pseries_rng: Registering IBM pSeries RNG driver
[    0.548565][    T1] mousedev: PS/2 mouse device common for all mice
[    0.549736][    T1] powernv-cpufreq: ibm,pstate-min node not found
[    0.549925][    T1] powernv-cpufreq: Platform driver disabled. System does not support PState control
[    0.551998][    T1] ledtrig-cpu: registered to indicate activity on CPUs
[    0.552577][    T1] hid: raw HID events driver (C) Jiri Kosina
[    0.553072][    T1] drop_monitor: Initializing network drop monitor service
[    0.614674][    T1] NET: Registered PF_INET6 protocol family
[    0.627817][    T1] Segment Routing with IPv6
[    0.628225][    T1] RPL Segment Routing with IPv6
[    0.628637][    T1] In-situ OAM (IOAM) with IPv6
[    0.629421][    T1] NET: Registered PF_KEY protocol family
[    0.630328][    T1] drmem: No dynamic reconfiguration memory found
[    0.644347][    T1] registered taskstats version 1
[    0.647381][    T1] Loading compiled-in X.509 certificates
[    0.723761][    T1] Loaded X.509 cert 'Build time autogenerated kernel key: 80a05c246646953e3b35289c5a4707ae43f094eb'
[    0.736743][    T1] page_owner is disabled
[    0.737535][    T1] Key type .fscrypt registered
[    0.737700][    T1] Key type fscrypt-provisioning registered
[    0.749799][    T1] Key type encrypted registered
[    0.750084][    T1] AppArmor: AppArmor sha1 policy hashing enabled
[    0.750816][    T1] ima: No TPM chip found, activating TPM-bypass!
[    0.751084][    T1] Loading compiled-in module X.509 certificates
[    0.753424][    T1] Loaded X.509 cert 'Build time autogenerated kernel key: 80a05c246646953e3b35289c5a4707ae43f094eb'
[    0.753974][    T1] ima: Allocated hash algorithm: sha256
[    0.756302][    T1] ima: No architecture policies found
[    0.757056][    T1] evm: Initialising EVM extended attributes:
[    0.757281][    T1] evm: security.selinux
[    0.757424][    T1] evm: security.SMACK64 (disabled)
[    0.757571][    T1] evm: security.SMACK64EXEC (disabled)
[    0.757719][    T1] evm: security.SMACK64TRANSMUTE (disabled)
[    0.757876][    T1] evm: security.SMACK64MMAP (disabled)
[    0.758103][    T1] evm: security.apparmor
[    0.758228][    T1] evm: security.ima
[    0.758334][    T1] evm: security.capability
[    0.758471][    T1] evm: HMAC attrs: 0x1
[    1.297281][    T1] clk: Disabling unused clocks
[    1.374795][    T1] Freeing unused kernel image (initmem) memory: 6720K
[    1.375704][    T1] Run /init as init process
[    1.628351][    T1] Not activating Mandatory Access Control as /sbin/tomoyo-init does not exist.
Starting syslogd: OK
Starting klogd: OK
Running sysctl: OK
Saving 256 bits of creditable seed for next boot
Starting network: OK
Linux version 6.5.0-rc5-next-20230809-default-cbl (nathan@dev-arch.m3-large-x86-01) (ClangBuiltLinux clang version 17.0.0 (https://github.com/llvm/llvm-project edc0ee3ccad416ab186202bf928ea64e3a7987b7), ClangBuiltLinux LLD 17.0.0) #1 SMP Fri Aug 11 18:51:42 UTC 2023
Stopping network: OK
Seeding 256 bits and crediting
Saving 256 bits of creditable seed for next boot
Stopping klogd: OK
Stopping syslogd: OK
umount: devtmpfs busy - remounted read-only
umount: can't unmount /: Invalid argument

The system is going down NOW!

Sent SIGTERM to all processes

Sent SIGKILL to all processes

Requesting system poweroff
[    6.774388][  T186] reboot: Power down
[   11.449833757,5] OPAL: Shutdown request type 0x0...
$ timeout --foreground 3m stdbuf -eL -oL /usr/sbin/qemu-system-ppc64 -display none -nodefaults -device ipmi-bmc-sim,id=bmc0 -device isa-ipmi-bt,bmc=bmc0,irq=10 -machine powernv -kernel /home/nathan/tmp/build/cbl_lkt/linux-next/powerpc/arch/powerpc/boot/zImage.epapr -initrd /home/nathan/cbl/llvm-kernel-testing/src/boot-utils/images/ppc64le/rootfs.cpio -m 2G -serial mon:stdio
